================================================================================
                                      Opts                                      
--------------------------------------------------------------------------------
                                nepochs: 100                                    
                             batch_size: 16                                     
                          learning_rate: 0.01                                   
                               lr_decay: 0.99                                   
                            hidden_size: 10                                     
                  teacher_forcing_ratio: 0.5                                    
                         checkpoint_dir: checkpoints                            
                           no_attention: 1                                      
                                   cuda: 0                                      
================================================================================
================================================================================
                                   Data Stats                                   
--------------------------------------------------------------------------------
('fluctuating', 'uctuatingflay')
('internally', 'internallyway')
('upstairs', 'upstairsway')
('bequeathed', 'equeathedbay')
('earnestly', 'earnestlyway')
Num unique word pairs: 6387
Vocabulary: dict_keys(['-', 'a', 'b', 'c', 'd', 'e', 'f', 'g', 'h', 'i', 'j', 'k', 'l', 'm', 'n', 'o', 'p', 'q', 'r', 's', 't', 'u', 'v', 'w', 'x', 'y', 'z', 'SOS', 'EOS'])
Vocab size: 29
================================================================================
Epoch:   0 | Train loss: 2.034 | Val loss: 2.031 | Gen: atay atay ontionday atay ontionday
Epoch:   1 | Train loss: 1.763 | Val loss: 1.930 | Gen: ateway atay ontingway intionday ontingway
Epoch:   2 | Train loss: 1.670 | Val loss: 1.929 | Gen: illlay atay ontingway idway ontingway
Epoch:   3 | Train loss: 1.626 | Val loss: 1.873 | Gen: essay-ayday atay-ationday ontingway itay-ationday otay-ayday
Epoch:   4 | Train loss: 1.581 | Val loss: 1.828 | Gen: ellway atay-ay-ay-ay-ay-ay- ontay-ay-ay-ay-ay-ay itay-ay-ay-ay-ay-ay- oturay-ay-ay-ay-ay-a
Epoch:   5 | Train loss: 1.540 | Val loss: 1.813 | Gen: etay away-ay-ay-ay-ay-ay- ontay-ay-ay-ay-ay-ay itay-ay-ay-ay-ay-ay- oturay-ay-ay-ay-ay-a
Epoch:   6 | Train loss: 1.507 | Val loss: 1.815 | Gen: etay away ontay-ay-ay-ay-ay-ay itay otay-ay-ay-ay-ay-ay-
Epoch:   7 | Train loss: 1.487 | Val loss: 1.792 | Gen: etay away-ay-ayday ontingay-ayday itay-ayday otay-ayday
Epoch:   8 | Train loss: 1.459 | Val loss: 1.760 | Gen: iteway away-ay-ayday onntintingsay itay-ay-ayday otay-ayday
Epoch:   9 | Train loss: 1.434 | Val loss: 1.724 | Gen: iteway away onntayday itay-ayday otay-ayday
Epoch:  10 | Train loss: 1.416 | Val loss: 1.684 | Gen: illlway alway onntayday itay otay-ay-ayday
Epoch:  11 | Train loss: 1.396 | Val loss: 1.767 | Gen: illleway alway onntintay-issay-ayda ilway otay-ay-ayday
Epoch:  12 | Train loss: 1.380 | Val loss: 1.745 | Gen: eway allay onntintay-allway ilway otay-ay-alway-ayday
Epoch:  13 | Train loss: 1.361 | Val loss: 1.692 | Gen: eway allway onntatingssay ilway oyuray-ayday
Epoch:  14 | Train loss: 1.341 | Val loss: 1.700 | Gen: eway aay-ayday onntatingedway ithay otay-ay-ay-alway-ay-
Epoch:  15 | Train loss: 1.325 | Val loss: 1.649 | Gen: eway alay-aynay onntatingsway ithay oy-ay-oray-ay-ay-ay-
Epoch:  16 | Train loss: 1.309 | Val loss: 1.652 | Gen: illyway alay onntatingshay ithay otay-ay-ay-alllway
Epoch:  17 | Train loss: 1.294 | Val loss: 1.690 | Gen: illyway alaynonway onntationday-ay-ay-a itynay otay-ay-ay-ay-ay-ay-
Epoch:  18 | Train loss: 1.289 | Val loss: 1.786 | Gen: etway allay-ayday onntatinghedway ithay oray-ay-ay-ay-ay-ay-
Epoch:  19 | Train loss: 1.276 | Val loss: 1.719 | Gen: etway allay-ayday ontay-inday-isay-ay- ithay orfay-ay-allway
Epoch:  20 | Train loss: 1.258 | Val loss: 1.721 | Gen: etway allityway onntay-ingancay ithay occay-ay-ay-aynonway
Epoch:  21 | Train loss: 1.247 | Val loss: 1.696 | Gen: etway altay-itay ontotay-ingheway ithay orfay-edway
Epoch:  22 | Train loss: 1.240 | Val loss: 1.711 | Gen: esway allway onntay-ingay-ingay-i ityway orfay-edway
Epoch:  23 | Train loss: 1.223 | Val loss: 1.713 | Gen: etway allithay onntay-intay-intay-i ityday orfay-isay-aycay
Epoch:  24 | Train loss: 1.216 | Val loss: 1.642 | Gen: esway allway ontay-onday-ingay-in ityway oftedcay
Epoch:  25 | Train loss: 1.202 | Val loss: 1.614 | Gen: etway alithay ontay-inay-inay-inay ityday ofcay-ayseway
Epoch:  26 | Train loss: 1.196 | Val loss: 1.785 | Gen: esway allionsay ontatingansay-ay-aty ityday oftedcay
Epoch:  27 | Train loss: 1.193 | Val loss: 1.576 | Gen: ethay alteway ontay-ay-onday-itay- ithay oftedcay
Epoch:  28 | Train loss: 1.173 | Val loss: 1.545 | Gen: esway alteway ontatingsedway itway ofcay-aysway
Epoch:  29 | Train loss: 1.158 | Val loss: 1.533 | Gen: esway allionway ontinay-inay-inay-id itway octedway
Epoch:  30 | Train loss: 1.151 | Val loss: 1.518 | Gen: esway allionway ontinay-ingay-ay-int itway ofconay-aysway
Epoch:  31 | Train loss: 1.145 | Val loss: 1.770 | Gen: etway iareway ontinay-iay-inay-ina ityday ofcoray-ayday
Epoch:  32 | Train loss: 1.157 | Val loss: 1.565 | Gen: esway alstway ondinay-ationnay-ayd itway ofcay-ayseday
Epoch:  33 | Train loss: 1.141 | Val loss: 1.631 | Gen: esway allyway ondinay-ay-iday-ay-a itway oftedcay
Epoch:  34 | Train loss: 1.132 | Val loss: 1.591 | Gen: esway alteway ondinay-inay-iday-in ityway oftedday
Epoch:  35 | Train loss: 1.131 | Val loss: 1.613 | Gen: esway allyway ondiday-isay-iay-ay- itway ofcenay
Epoch:  36 | Train loss: 1.121 | Val loss: 1.611 | Gen: esway allisway ondinay-inay-inay-in iteway oftededway
Epoch:  37 | Train loss: 1.118 | Val loss: 1.596 | Gen: eway alssway ondayingedway itway ofcay-ayenway
Epoch:  38 | Train loss: 1.107 | Val loss: 1.606 | Gen: esway allyway ondinay-inay-ay-inay itway oftedcay
Epoch:  39 | Train loss: 1.106 | Val loss: 1.650 | Gen: esway allysway ondinay-inay-iay-ina itway ofconay-aysday
Epoch:  40 | Train loss: 1.122 | Val loss: 1.602 | Gen: etway allisway ondisay-ay-ay-inay-a iteway odcendway
Epoch:  41 | Train loss: 1.110 | Val loss: 1.608 | Gen: eway allysway ondinay-inay-iday-ay itway oftedcay
Epoch:  42 | Train loss: 1.104 | Val loss: 1.679 | Gen: esway aleway ondinay-inedsway itway ofcenday
Epoch:  43 | Train loss: 1.112 | Val loss: 1.612 | Gen: esway alisway ondinay-ationday-ayd itsway oftay-alceway
Epoch:  44 | Train loss: 1.101 | Val loss: 1.506 | Gen: esway allysway ondinay-inay-ay-inay itway oftay-ay-ayedsway
Epoch:  45 | Train loss: 1.093 | Val loss: 1.646 | Gen: esway aleway ondinay-ingay-ay-ay- isway oftedcay
Epoch:  46 | Train loss: 1.108 | Val loss: 1.657 | Gen: esway iay-ayedway ondinay-ingay-ingswa itway oftay-ayedcay
Epoch:  47 | Train loss: 1.092 | Val loss: 1.651 | Gen: esway aleway ondisay-ay-inay-ay-i itsway oftedscay
Epoch:  48 | Train loss: 1.089 | Val loss: 1.599 | Gen: esway aleway ondisay-ingay-ay-aye isway orgay-ayedsay
Epoch:  49 | Train loss: 1.088 | Val loss: 1.513 | Gen: esway aleway ondisay-inay-inay-in itsway oftescay
Epoch:  50 | Train loss: 1.076 | Val loss: 1.469 | Gen: esway aleway ondisay-inay-inay-in isway oftedscay
Epoch:  51 | Train loss: 1.068 | Val loss: 1.522 | Gen: esway alesway ondisinay-ay-inay-in isway oftesedway
Epoch:  52 | Train loss: 1.073 | Val loss: 1.499 | Gen: esway aleway ondisay-ingay-ingstw isway oftedcay
Epoch:  53 | Train loss: 1.070 | Val loss: 1.602 | Gen: esway aleway ondisinay-ingstway isway oftedsway
Epoch:  54 | Train loss: 1.065 | Val loss: 1.550 | Gen: esway aleway ondisay-ingay-ingtwa isway oftedscay
Epoch:  55 | Train loss: 1.060 | Val loss: 1.482 | Gen: esway aleway ondisinay-ingay-ay-i isway oftedscay
Epoch:  56 | Train loss: 1.062 | Val loss: 1.489 | Gen: esway aleway ondisinay-ay-ay-inay isway orfedtway
Epoch:  57 | Train loss: 1.057 | Val loss: 1.451 | Gen: esway aleway ondisinay-iay-inay-i isway oftesedway
Epoch:  58 | Train loss: 1.051 | Val loss: 1.481 | Gen: esway aleway ondisinay-ingay-inay isway oftesdway
Epoch:  59 | Train loss: 1.042 | Val loss: 1.415 | Gen: esway alisway onditinay-ay-inay-ay isway oftedscay
Epoch:  60 | Train loss: 1.045 | Val loss: 1.616 | Gen: esway aleway ondinday-ingsway isway oftedcay
Epoch:  61 | Train loss: 1.053 | Val loss: 1.514 | Gen: esway alissay ondisingay-ingstway isway oftesedway
Epoch:  62 | Train loss: 1.043 | Val loss: 1.413 | Gen: etway aleway odtiningay-inedway isway oftedscay
Epoch:  63 | Train loss: 1.040 | Val loss: 1.432 | Gen: esway aleway odtinineddway isway odsedsfay
Epoch:  64 | Train loss: 1.035 | Val loss: 1.424 | Gen: esway alissay odtiningiondray isway oftedscay
Epoch:  65 | Train loss: 1.034 | Val loss: 1.486 | Gen: esway aleway ondisingionday isway oftedsway
Epoch:  66 | Train loss: 1.034 | Val loss: 1.452 | Gen: etway aleway ondisingay-ingsway isway orgedsway
Epoch:  67 | Train loss: 1.022 | Val loss: 1.419 | Gen: esway aleway ondisingay-ingsway isway orgedsway
Epoch:  68 | Train loss: 1.021 | Val loss: 1.435 | Gen: esway aleway ondisingay-ingsway isway ofsedsway
Epoch:  69 | Train loss: 1.017 | Val loss: 1.390 | Gen: esway aleway onditineddway isway odsedcay
Epoch:  70 | Train loss: 1.026 | Val loss: 1.709 | Gen: enway aleway onditineddtnay isway olfedsway
Epoch:  71 | Train loss: 1.040 | Val loss: 1.543 | Gen: etway aleway ondisingiondray istway orfedstway
Epoch:  72 | Train loss: 1.017 | Val loss: 1.400 | Gen: enway aleway odtiningedsway isway orgeddway
Epoch:  73 | Train loss: 1.007 | Val loss: 1.413 | Gen: enway aleway odtiningedsway isway odedscay
Epoch:  74 | Train loss: 1.004 | Val loss: 1.450 | Gen: enway aleway odtiningedsway isway odedscay
Epoch:  75 | Train loss: 1.002 | Val loss: 1.393 | Gen: etway aleway odtinineddsway isway odsedscay
Epoch:  76 | Train loss: 1.007 | Val loss: 1.511 | Gen: enay aleway onditineddway isway odsedcay
Epoch:  77 | Train loss: 1.006 | Val loss: 1.514 | Gen: enway aleway onditineddway isway odsedcay
Epoch:  78 | Train loss: 1.014 | Val loss: 1.549 | Gen: enway aleway onditineddsay isway orgengway
Epoch:  79 | Train loss: 1.007 | Val loss: 1.414 | Gen: enway aleway onditineddday isway odsedcay
Epoch:  80 | Train loss: 0.993 | Val loss: 1.456 | Gen: enway aleway ondidineddway isway odcentway
Epoch:  81 | Train loss: 0.988 | Val loss: 1.416 | Gen: enway aleway onditinedddway isway odsedcay
Epoch:  82 | Train loss: 0.992 | Val loss: 1.611 | Gen: enway aleway onditinedddway isway ordedsway
Epoch:  83 | Train loss: 1.006 | Val loss: 1.594 | Gen: enway allyway onditiningedway isway odsedcay
Epoch:  84 | Train loss: 1.008 | Val loss: 1.521 | Gen: etsay alieway onditinedtnay issway ordedtway
Epoch:  85 | Train loss: 1.003 | Val loss: 1.567 | Gen: enway allay ondidingentway isway ordeddway
Epoch:  86 | Train loss: 0.992 | Val loss: 1.385 | Gen: enway allyway onditineddsway isway ordeddway
Epoch:  87 | Train loss: 0.979 | Val loss: 1.428 | Gen: enway allyway onditinedddway isway odsedsfay
Epoch:  88 | Train loss: 0.982 | Val loss: 1.520 | Gen: enway allysay onditinedddsway isway odedseway
Epoch:  89 | Train loss: 0.988 | Val loss: 1.523 | Gen: enway aleway onditineddtsway isway ordedtcay
Epoch:  90 | Train loss: 0.984 | Val loss: 1.404 | Gen: etway allyway onditinedddway isway odsedscay
Epoch:  91 | Train loss: 0.977 | Val loss: 1.370 | Gen: enway allyway onditineddway isway odsedcay
Epoch:  92 | Train loss: 0.966 | Val loss: 1.345 | Gen: enway allyway onditineddway isway odsedcay
Epoch:  93 | Train loss: 0.959 | Val loss: 1.363 | Gen: enway allyway onditineddsway isway odesgsway
Epoch:  94 | Train loss: 0.956 | Val loss: 1.435 | Gen: enway allyway onditineddtway isway odsedcay
Epoch:  95 | Train loss: 0.963 | Val loss: 1.402 | Gen: enway allysay onditineddsway isway odengscay
Epoch:  96 | Train loss: 0.961 | Val loss: 1.491 | Gen: etway allyway onditineddsway isway orgengway
Epoch:  97 | Train loss: 0.958 | Val loss: 1.456 | Gen: etway aleway onditinedsdway isway odsedcay
Epoch:  98 | Train loss: 0.956 | Val loss: 1.494 | Gen: enway allyway onditingeddway isway odcentway
Epoch:  99 | Train loss: 0.986 | Val loss: 1.818 | Gen: enway aleway onditinengsway isway orgedsway
